生成启动时间为 2017/5/4 11:11:51。
     1>项目“C:\document\study\major course\大三下\人工智能\黑白棋-C++\4.28\Revsersi\Revsersi\Revsersi.vcxproj”在节点 2 上(Build 个目标)。
     1>ClCompile:
         C:\Program Files (x86)\Microsoft Visual Studio 12.0\VC\bin\CL.exe /c /I"C:\document\study\major course\大三下\人工智能\黑白棋-C++\4.28\Revsersi\rapidjson" /Zi /nologo /W3 /WX- /O2 /Oi /Oy- /GL /D WIN32 /D NDEBUG /D _CONSOLE /D _LIB /D _UNICODE /D UNICODE /Gm- /EHsc /MD /GS /Gy /fp:precise /Zc:wchar_t /Zc:forScope /Fo"Release\\" /Fd"Release\vc120.pdb" /Gd /TP /analyze- /errorReport:prompt AI.cpp Main.cpp Reversi.cpp
         AI.cpp
     1>c:\document\study\major course\大三下\人工智能\黑白棋-c++\4.28\revsersi\revsersi\AI.h(67): warning C4244: “return”: 从“LONGLONG”转换到“double”，可能丢失数据
     1>AI.cpp(134): warning C4018: “<”: 有符号/无符号不匹配
     1>AI.cpp(159): warning C4018: “<”: 有符号/无符号不匹配
     1>AI.cpp(169): warning C4018: “<”: 有符号/无符号不匹配
     1>AI.cpp(204): warning C4101: “s”: 未引用的局部变量
     1>AI.cpp(359): warning C4018: “<”: 有符号/无符号不匹配
     1>AI.cpp(376): warning C4018: “<”: 有符号/无符号不匹配
     1>AI.cpp(410): warning C4018: “<”: 有符号/无符号不匹配
         Main.cpp
     1>c:\document\study\major course\大三下\人工智能\黑白棋-c++\4.28\revsersi\revsersi\AI.h(67): warning C4244: “return”: 从“LONGLONG”转换到“double”，可能丢失数据
         Reversi.cpp
     1>c:\document\study\major course\大三下\人工智能\黑白棋-c++\4.28\revsersi\revsersi\AI.h(67): warning C4244: “return”: 从“LONGLONG”转换到“double”，可能丢失数据
     1>Reversi.cpp(143): warning C4996: 'scanf': This function or variable may be unsafe. Consider using scanf_s instead. To disable deprecation, use _CRT_SECURE_NO_WARNINGS. See online help for details.
                 C:\Program Files (x86)\Microsoft Visual Studio 12.0\VC\include\stdio.h(283) : 参见“scanf”的声明
       Link:
         C:\Program Files (x86)\Microsoft Visual Studio 12.0\VC\bin\link.exe /ERRORREPORT:PROMPT /OUT:"C:\document\study\major course\大三下\人工智能\黑白棋-C++\4.28\Revsersi\Release\Revsersi.exe" /INCREMENTAL:NO /NOLOGO kernel32.lib user32.lib gdi32.lib winspool.lib comdlg32.lib advapi32.lib shell32.lib ole32.lib oleaut32.lib uuid.lib odbc32.lib odbccp32.lib /MANIFEST /MANIFESTUAC:"level='asInvoker' uiAccess='false'" /manifest:embed /DEBUG /PDB:"C:\document\study\major course\大三下\人工智能\黑白棋-C++\4.28\Revsersi\Release\Revsersi.pdb" /SUBSYSTEM:CONSOLE /OPT:REF /OPT:ICF /LTCG /TLBID:1 /DYNAMICBASE /NXCOMPAT /IMPLIB:"C:\document\study\major course\大三下\人工智能\黑白棋-C++\4.28\Revsersi\Release\Revsersi.lib" /MACHINE:X86 /SAFESEH Release\Revsersi1.res
         Release\AI.obj
         Release\DataTransfer.obj
         Release\Main.obj
         Release\Node.obj
         Release\Reversi.obj
         正在生成代码
     1>c:\document\study\major course\大三下\人工智能\黑白棋-c++\4.28\revsersi\revsersi\ai.cpp(119): warning C4715: “AI::TreePolicy”: 不是所有的控件路径都返回值
         已完成代码的生成
         Revsersi.vcxproj -> C:\document\study\major course\大三下\人工智能\黑白棋-C++\4.28\Revsersi\Release\Revsersi.exe
     1>已完成生成项目“C:\document\study\major course\大三下\人工智能\黑白棋-C++\4.28\Revsersi\Revsersi\Revsersi.vcxproj”(Build 个目标)的操作。

生成成功。

已用时间 00:00:06.04
