生成启动时间为 2017/5/3 20:22:42。
     1>项目“C:\document\study\major course\大三下\人工智能\黑白棋-C++\4.28\Revsersi\Revsersi\Revsersi.vcxproj”在节点 2 上(Build 个目标)。
     1>ClCompile:
         C:\Program Files (x86)\Microsoft Visual Studio 12.0\VC\bin\CL.exe /c /ZI /nologo /W3 /WX- /Od /Oy- /D WIN32 /D _DEBUG /D _CONSOLE /D _LIB /D _UNICODE /D UNICODE /Gm /EHsc /RTC1 /MDd /GS /fp:precise /Zc:wchar_t /Zc:forScope /Fo"Debug\\" /Fd"Debug\vc120.pdb" /Gd /TP /analyze- /errorReport:prompt AI.cpp DataTransfer.cpp Main.cpp Node.cpp Reversi.cpp
         Reversi.cpp
     1>c:\document\study\major course\大三下\人工智能\黑白棋-c++\4.28\revsersi\revsersi\ai.h(67): warning C4244: “return”: 从“LONGLONG”转换到“double”，可能丢失数据
     1>c:\document\study\major course\大三下\人工智能\黑白棋-c++\4.28\revsersi\revsersi\datatransfer.h(3): fatal error C1083: 无法打开包括文件: “document.h”: No such file or directory
         Node.cpp
     1>c:\document\study\major course\大三下\人工智能\黑白棋-c++\4.28\revsersi\revsersi\node.cpp(44): warning C4018: “<”: 有符号/无符号不匹配
         Main.cpp
     1>c:\document\study\major course\大三下\人工智能\黑白棋-c++\4.28\revsersi\revsersi\datatransfer.h(3): fatal error C1083: 无法打开包括文件: “document.h”: No such file or directory
         DataTransfer.cpp
     1>c:\document\study\major course\大三下\人工智能\黑白棋-c++\4.28\revsersi\revsersi\datatransfer.h(3): fatal error C1083: 无法打开包括文件: “document.h”: No such file or directory
         AI.cpp
     1>c:\document\study\major course\大三下\人工智能\黑白棋-c++\4.28\revsersi\revsersi\ai.h(67): warning C4244: “return”: 从“LONGLONG”转换到“double”，可能丢失数据
     1>c:\document\study\major course\大三下\人工智能\黑白棋-c++\4.28\revsersi\revsersi\datatransfer.h(3): fatal error C1083: 无法打开包括文件: “document.h”: No such file or directory
         正在生成代码...
     1>已完成生成项目“C:\document\study\major course\大三下\人工智能\黑白棋-C++\4.28\Revsersi\Revsersi\Revsersi.vcxproj”(Build 个目标)的操作 - 失败。

生成失败。

已用时间 00:00:03.47
